WARNING:sphinx.sphinx.util.display:yyyyyy
WARNING:sphinx.sphinx.util.nodes:yyyyyy
WARNING:sphinx.sphinx.util:yyyyyy
WARNING:sphinx.sphinx.config:yyyyyy
WARNING:sphinx.sphinx.environment.adapters.toctree:yyyyyy
WARNING:sphinx.sphinx.util.docutils:yyyyyy
WARNING:sphinx.sphinx.util.i18n:yyyyyy
WARNING:sphinx.sphinx.transforms:yyyyyy
WARNING:sphinx.sphinx.environment:yyyyyy
WARNING:sphinx.sphinx.util.inspect:yyyyyy
WARNING:sphinx.sphinx.events:yyyyyy
WARNING:sphinx.sphinx.highlighting:yyyyyy
WARNING:sphinx.sphinx.project:yyyyyy
WARNING:sphinx.sphinx.util.docfields:yyyyyy
WARNING:sphinx.sphinx.domains.std:yyyyyy
WARNING:sphinx.sphinx.extension:yyyyyy
WARNING:sphinx.sphinx.transforms.i18n:yyyyyy
WARNING:sphinx.sphinx.io:yyyyyy
WARNING:sphinx.sphinx.util.rst:yyyyyy
WARNING:sphinx.sphinx.registry:yyyyyy
WARNING:sphinx.sphinx.application:yyyyyy
WARNING:sphinx.sphinx.cmd.build:ffffffin
